<?xml version="1.0" encoding="UTF-8"?>
<testsuites>
  <testsuite name="php-solr" tests="6" assertions="11" failures="0" errors="0" time="0.046538">
    <testsuite name="phpsolr\MapTest" file="/var/www/UsefulPHPClasses/phpsolr/tests/MapTest.php" tests="6" assertions="11" failures="0" errors="0" time="0.046538">
      <testcase name="testSetAndGetWorks" class="phpsolr\MapTest" file="/var/www/UsefulPHPClasses/phpsolr/tests/MapTest.php" line="17" assertions="1" time="0.008361"/>
      <testcase name="testMapIsInitiallyEmptyAndFilledAfterSet" class="phpsolr\MapTest" file="/var/www/UsefulPHPClasses/phpsolr/tests/MapTest.php" line="27" assertions="2" time="0.007165"/>
      <testcase name="testIfHasWorks" class="phpsolr\MapTest" file="/var/www/UsefulPHPClasses/phpsolr/tests/MapTest.php" line="35" assertions="2" time="0.007312"/>
      <testcase name="testIfRemoveWorks" class="phpsolr\MapTest" file="/var/www/UsefulPHPClasses/phpsolr/tests/MapTest.php" line="42" assertions="2" time="0.007248"/>
      <testcase name="testGetIteratorWorks" class="phpsolr\MapTest" file="/var/www/UsefulPHPClasses/phpsolr/tests/MapTest.php" line="51" assertions="2" time="0.007115"/>
      <testcase name="testGetThrowsExceptionWhenKeyDoesNotExist" class="phpsolr\MapTest" file="/var/www/UsefulPHPClasses/phpsolr/tests/MapTest.php" line="63" assertions="2" time="0.009337"/>
    </testsuite>
  </testsuite>
</testsuites>
